Detecting C compiler ABI info failed to compile with the following output:
Change Dir: E:/code/code-exercise-20/No007 算法/cmake-build-debug/CMakeFiles/CMakeTmp

Run Build Command(s):nmake -f Makefile /nologo cmTC_854c1\fast && 	"C:\Program Files (x86)\Microsoft Visual Studio\2019\Community\VC\Tools\MSVC\14.29.30037\bin\HostX86\x86\nmake.exe"  -f CMakeFiles\cmTC_854c1.dir\build.make /nologo -L                  CMakeFiles\cmTC_854c1.dir\build
Building C object CMakeFiles/cmTC_854c1.dir/CMakeCCompilerABI.c.obj
	"C:\Program Files\JetBrains\CLion 2021.2.1\bin\cmake\win\bin\cmake.exe" -E cmake_cl_compile_depends --dep-file=CMakeFiles\cmTC_854c1.dir\CMakeCCompilerABI.c.obj.d --working-dir="E:\code\code-exercise-20\No007 算法\cmake-build-debug\CMakeFiles\CMakeTmp" --filter-prefix="" -- C:\PROGRA~2\MICROS~2\2019\COMMUN~1\VC\Tools\MSVC\1429~1.300\bin\Hostx86\x86\cl.exe @C:\Users\11090\AppData\Local\Temp\nm3535.tmp
NMAKE : fatal error U1077: “"C:\Program Files\JetBrains\CLion 2021.2.1\bin\cmake\win\bin\cmake.exe"”: 返回代码“0xc0000409”
Stop.
NMAKE : fatal error U1077: “"C:\Program Files (x86)\Microsoft Visual Studio\2019\Community\VC\Tools\MSVC\14.29.30037\bin\HostX86\x86\nmake.exe"”: 返回代码“0x2”
Stop.




Determining if the C compiler works failed with the following output:
Change Dir: E:/code/code-exercise-20/No007 算法/cmake-build-debug/CMakeFiles/CMakeTmp

Run Build Command(s):nmake -f Makefile /nologo cmTC_f314f\fast && 	"C:\Program Files (x86)\Microsoft Visual Studio\2019\Community\VC\Tools\MSVC\14.29.30037\bin\HostX86\x86\nmake.exe"  -f CMakeFiles\cmTC_f314f.dir\build.make /nologo -L                  CMakeFiles\cmTC_f314f.dir\build
Building C object CMakeFiles/cmTC_f314f.dir/testCCompiler.c.obj
	"C:\Program Files\JetBrains\CLion 2021.2.1\bin\cmake\win\bin\cmake.exe" -E cmake_cl_compile_depends --dep-file=CMakeFiles\cmTC_f314f.dir\testCCompiler.c.obj.d --working-dir="E:\code\code-exercise-20\No007 算法\cmake-build-debug\CMakeFiles\CMakeTmp" --filter-prefix="" -- C:\PROGRA~2\MICROS~2\2019\COMMUN~1\VC\Tools\MSVC\1429~1.300\bin\Hostx86\x86\cl.exe @C:\Users\11090\AppData\Local\Temp\nm3AF2.tmp
Linking C executable cmTC_f314f.exe
	"C:\Program Files\JetBrains\CLion 2021.2.1\bin\cmake\win\bin\cmake.exe" -E vs_link_exe --intdir=CMakeFiles\cmTC_f314f.dir --rc=C:\PROGRA~2\WI3CF2~1\10\bin\100190~1.0\x86\rc.exe --mt=C:\PROGRA~2\WI3CF2~1\10\bin\100190~1.0\x86\mt.exe --manifests -- C:\PROGRA~2\MICROS~2\2019\COMMUN~1\VC\Tools\MSVC\1429~1.300\bin\Hostx86\x86\link.exe /nologo @CMakeFiles\cmTC_f314f.dir\objects1.rsp @C:\Users\11090\AppData\Local\Temp\nm3BCD.tmp
LINK Pass 1: command "C:\PROGRA~2\MICROS~2\2019\COMMUN~1\VC\Tools\MSVC\1429~1.300\bin\Hostx86\x86\link.exe /nologo @CMakeFiles\cmTC_f314f.dir\objects1.rsp /out:cmTC_f314f.exe /implib:cmTC_f314f.lib /pdb:E:\code\code-exercise-20\No007 ??\cmake-build-debug\CMakeFiles\CMakeTmp\cmTC_f314f.pdb /version:0.0 /machine:X86 /debug /INCREMENTAL /subsystem:console kernel32.lib user32.lib gdi32.lib winspool.lib shell32.lib ole32.lib oleaut32.lib uuid.lib comdlg32.lib advapi32.lib /MANIFEST /MANIFESTFILE:CMakeFiles\cmTC_f314f.dir/intermediate.manifest CMakeFiles\cmTC_f314f.dir/manifest.res" failed (exit code 1201) with the following output:
LINK : fatal error LNK1201: 写入程序数据库“E:\code\code-exercise-20\No007 ??\cmake-build-debug\CMakeFiles\CMakeTmp\cmTC_f314f.pdb”时出错；请检查是否是磁盘空间不足、路径无效或权限不够
NMAKE : fatal error U1077: “"C:\Program Files\JetBrains\CLion 2021.2.1\bin\cmake\win\bin\cmake.exe"”: 返回代码“0xffffffff”
Stop.
NMAKE : fatal error U1077: “"C:\Program Files (x86)\Microsoft Visual Studio\2019\Community\VC\Tools\MSVC\14.29.30037\bin\HostX86\x86\nmake.exe"”: 返回代码“0x2”
Stop.



